c:\users\pc\source\repos\treepractice\treepractice\x64\debug\vc143.pdb
c:\users\pc\source\repos\treepractice\treepractice\x64\debug\vc143.idb
c:\users\pc\source\repos\treepractice\treepractice\x64\debug\treepractice.obj
c:\users\pc\source\repos\treepractice\treepractice\x64\debug\treepractice.ilk
c:\users\pc\source\repos\treepractice\x64\debug\treepractice.pdb
c:\users\pc\source\repos\treepractice\treepractice\x64\debug\treepractice.tlog\cl.command.1.tlog
c:\users\pc\source\repos\treepractice\treepractice\x64\debug\treepractice.tlog\cl.items.tlog
c:\users\pc\source\repos\treepractice\treepractice\x64\debug\treepractice.tlog\cl.read.1.tlog
c:\users\pc\source\repos\treepractice\treepractice\x64\debug\treepractice.tlog\cl.write.1.tlog
c:\users\pc\source\repos\treepractice\treepractice\x64\debug\treepractice.tlog\link.46244-cvtres.read.1.tlog
c:\users\pc\source\repos\treepractice\treepractice\x64\debug\treepractice.tlog\link.46244-cvtres.write.1.tlog
c:\users\pc\source\repos\treepractice\treepractice\x64\debug\treepractice.tlog\link.46244-rc.read.1.tlog
c:\users\pc\source\repos\treepractice\treepractice\x64\debug\treepractice.tlog\link.46244-rc.write.1.tlog
c:\users\pc\source\repos\treepractice\treepractice\x64\debug\treepractice.tlog\link.46244.read.1.tlog
c:\users\pc\source\repos\treepractice\treepractice\x64\debug\treepractice.tlog\link.46244.read.2.tlog
c:\users\pc\source\repos\treepractice\treepractice\x64\debug\treepractice.tlog\link.46244.read.3.tlog
c:\users\pc\source\repos\treepractice\treepractice\x64\debug\treepractice.tlog\link.46244.read.4.tlog
c:\users\pc\source\repos\treepractice\treepractice\x64\debug\treepractice.tlog\link.46244.write.1.tlog
c:\users\pc\source\repos\treepractice\treepractice\x64\debug\treepractice.tlog\link.command.1.tlog
c:\users\pc\source\repos\treepractice\treepractice\x64\debug\treepractice.tlog\link.read.1.tlog
c:\users\pc\source\repos\treepractice\treepractice\x64\debug\treepractice.tlog\link.secondary.1.tlog
c:\users\pc\source\repos\treepractice\treepractice\x64\debug\treepractice.tlog\link.write.1.tlog
